<?xml version="1.0" encoding="utf-8" standalone="no"?>
<test-run id="2" testcasecount="40" result="Passed" total="40" passed="40" failed="0" inconclusive="0" skipped="0" asserts="65" engine-version="3.8.0.0" clr-version="4.0.30319.42000" start-time="2025-02-16 08:18:38Z" end-time="2025-02-16 08:20:49Z" duration="130.791555">
  <command-line><![CDATA[/var/build/workspace/build-platform-sdks-pipeline/resources/sdk/pureclouddotnet/bin/nunit/nunit3-console.exe /var/build/workspace/build-platform-sdks-pipeline/output/pureclouddotnet/build/bin/PureCloudPlatform.Client.V2.Tests.dll]]></command-line>
  <test-suite type="Assembly" id="0-1048" name="PureCloudPlatform.Client.V2.Tests.dll" fullname="/var/build/workspace/build-platform-sdks-pipeline/output/pureclouddotnet/build/bin/PureCloudPlatform.Client.V2.Tests.dll" runstate="Runnable" testcasecount="40" result="Passed" start-time="2025-02-16 08:18:39Z" end-time="2025-02-16 08:20:49Z" duration="129.825408" total="40" passed="40" failed="0" warnings="0" inconclusive="0" skipped="0" asserts="65">
    <environment framework-version="3.10.1.0" clr-version="4.0.30319.42000" os-version="Unix 4.14.355.275" platform="Unix" cwd="/var/build/workspace/build-platform-sdks-pipeline/output/pureclouddotnet/build" machine-name="jenkins-agent-10-25-239-14" user="jenkins" user-domain="jenkins-agent-10-25-239-14" culture="en-US" uiculture="en-US" os-architecture="x64" />
    <settings>
      <setting name="DisposeRunners" value="True" />
      <setting name="WorkDirectory" value="/var/build/workspace/build-platform-sdks-pipeline/output/pureclouddotnet/build" />
      <setting name="ImageRuntimeVersion" value="4.0.30319" />
      <setting name="ImageTargetFrameworkName" value=".NETFramework,Version=v4.7.1" />
      <setting name="ImageRequiresX86" value="False" />
      <setting name="ImageRequiresDefaultAppDomainAssemblyResolver" value="False" />
      <setting name="NumberOfTestWorkers" value="4" />
    </settings>
    <properties>
      <property name="_PID" value="22524" />
      <property name="_APPDOMAIN" value="domain-" />
    </properties>
    <test-suite type="TestSuite" id="0-1049" name="PureCloudPlatform" fullname="PureCloudPlatform" runstate="Runnable" testcasecount="40" result="Passed" start-time="2025-02-16 08:18:39Z" end-time="2025-02-16 08:20:49Z" duration="129.809305" total="40" passed="40" failed="0" warnings="0" inconclusive="0" skipped="0" asserts="65">
      <test-suite type="TestSuite" id="0-1050" name="Client" fullname="PureCloudPlatform.Client" runstate="Runnable" testcasecount="40" result="Passed" start-time="2025-02-16 08:18:39Z" end-time="2025-02-16 08:20:49Z" duration="129.809014" total="40" passed="40" failed="0" warnings="0" inconclusive="0" skipped="0" asserts="65">
        <test-suite type="TestSuite" id="0-1051" name="V2" fullname="PureCloudPlatform.Client.V2" runstate="Runnable" testcasecount="40" result="Passed" start-time="2025-02-16 08:18:39Z" end-time="2025-02-16 08:20:49Z" duration="129.808979" total="40" passed="40" failed="0" warnings="0" inconclusive="0" skipped="0" asserts="65">
          <test-suite type="TestSuite" id="0-1052" name="Tests" fullname="PureCloudPlatform.Client.V2.Tests" runstate="Runnable" testcasecount="40" result="Passed" start-time="2025-02-16 08:18:39Z" end-time="2025-02-16 08:20:49Z" duration="129.808953" total="40" passed="40" failed="0" warnings="0" inconclusive="0" skipped="0" asserts="65">
            <test-suite type="TestFixture" id="0-1009" name="ApiClientTests" fullname="PureCloudPlatform.Client.V2.Tests.ApiClientTests" classname="PureCloudPlatform.Client.V2.Tests.ApiClientTests" runstate="Runnable" testcasecount="12" result="Passed" start-time="2025-02-16 08:18:39Z" end-time="2025-02-16 08:20:41Z" duration="121.957933" total="12" passed="12" failed="0" warnings="0" inconclusive="0" skipped="0" asserts="24">
              <test-case id="0-1016" name="InvokeAsyncTestWith_429" fullname="PureCloudPlatform.Client.V2.Tests.ApiClientTests.InvokeAsyncTestWith_429" methodname="InvokeAsyncTestWith_429" classname="PureCloudPlatform.Client.V2.Tests.ApiClientTests" runstate="Runnable" seed="1573581126" result="Passed" start-time="2025-02-16 08:18:40Z" end-time="2025-02-16 08:18:45Z" duration="5.048223" asserts="2" />
              <test-case id="0-1017" name="InvokeAsyncTestWith_429_And_No_MaxRetryTime" fullname="PureCloudPlatform.Client.V2.Tests.ApiClientTests.InvokeAsyncTestWith_429_And_No_MaxRetryTime" methodname="InvokeAsyncTestWith_429_And_No_MaxRetryTime" classname="PureCloudPlatform.Client.V2.Tests.ApiClientTests" runstate="Runnable" seed="702168010" result="Passed" start-time="2025-02-16 08:18:45Z" end-time="2025-02-16 08:18:45Z" duration="0.003819" asserts="2" />
              <test-case id="0-1018" name="InvokeAsyncTestWith_502" fullname="PureCloudPlatform.Client.V2.Tests.ApiClientTests.InvokeAsyncTestWith_502" methodname="InvokeAsyncTestWith_502" classname="PureCloudPlatform.Client.V2.Tests.ApiClientTests" runstate="Runnable" seed="281364875" result="Passed" start-time="2025-02-16 08:18:45Z" end-time="2025-02-16 08:18:58Z" duration="13.007318" asserts="2" />
              <test-case id="0-1019" name="InvokeAsyncTestWith_503" fullname="PureCloudPlatform.Client.V2.Tests.ApiClientTests.InvokeAsyncTestWith_503" methodname="InvokeAsyncTestWith_503" classname="PureCloudPlatform.Client.V2.Tests.ApiClientTests" runstate="Runnable" seed="644406970" result="Passed" start-time="2025-02-16 08:18:58Z" end-time="2025-02-16 08:19:38Z" duration="40.005618" asserts="2" />
              <test-case id="0-1020" name="InvokeAsyncTestWith_504" fullname="PureCloudPlatform.Client.V2.Tests.ApiClientTests.InvokeAsyncTestWith_504" methodname="InvokeAsyncTestWith_504" classname="PureCloudPlatform.Client.V2.Tests.ApiClientTests" runstate="Runnable" seed="2067616620" result="Passed" start-time="2025-02-16 08:19:38Z" end-time="2025-02-16 08:19:40Z" duration="2.003403" asserts="2" />
              <test-case id="0-1021" name="InvokeAsyncTestWith_504_And_No_MaxRetryTime" fullname="PureCloudPlatform.Client.V2.Tests.ApiClientTests.InvokeAsyncTestWith_504_And_No_MaxRetryTime" methodname="InvokeAsyncTestWith_504_And_No_MaxRetryTime" classname="PureCloudPlatform.Client.V2.Tests.ApiClientTests" runstate="Runnable" seed="2044135657" result="Passed" start-time="2025-02-16 08:19:40Z" end-time="2025-02-16 08:19:40Z" duration="0.003315" asserts="2" />
              <test-case id="0-1010" name="InvokeTestWith_429" fullname="PureCloudPlatform.Client.V2.Tests.ApiClientTests.InvokeTestWith_429" methodname="InvokeTestWith_429" classname="PureCloudPlatform.Client.V2.Tests.ApiClientTests" runstate="Runnable" seed="450188219" result="Passed" start-time="2025-02-16 08:19:40Z" end-time="2025-02-16 08:19:46Z" duration="6.006647" asserts="2" />
              <test-case id="0-1011" name="InvokeTestWith_429_And_No_MaxRetryTime" fullname="PureCloudPlatform.Client.V2.Tests.ApiClientTests.InvokeTestWith_429_And_No_MaxRetryTime" methodname="InvokeTestWith_429_And_No_MaxRetryTime" classname="PureCloudPlatform.Client.V2.Tests.ApiClientTests" runstate="Runnable" seed="1475674329" result="Passed" start-time="2025-02-16 08:19:46Z" end-time="2025-02-16 08:19:46Z" duration="0.001923" asserts="2" />
              <test-case id="0-1012" name="InvokeTestWith_502" fullname="PureCloudPlatform.Client.V2.Tests.ApiClientTests.InvokeTestWith_502" methodname="InvokeTestWith_502" classname="PureCloudPlatform.Client.V2.Tests.ApiClientTests" runstate="Runnable" seed="624059361" result="Passed" start-time="2025-02-16 08:19:46Z" end-time="2025-02-16 08:19:59Z" duration="13.005235" asserts="2" />
              <test-case id="0-1013" name="InvokeTestWith_503" fullname="PureCloudPlatform.Client.V2.Tests.ApiClientTests.InvokeTestWith_503" methodname="InvokeTestWith_503" classname="PureCloudPlatform.Client.V2.Tests.ApiClientTests" runstate="Runnable" seed="881371052" result="Passed" start-time="2025-02-16 08:19:59Z" end-time="2025-02-16 08:20:39Z" duration="40.006779" asserts="2" />
              <test-case id="0-1014" name="InvokeTestWith_504" fullname="PureCloudPlatform.Client.V2.Tests.ApiClientTests.InvokeTestWith_504" methodname="InvokeTestWith_504" classname="PureCloudPlatform.Client.V2.Tests.ApiClientTests" runstate="Runnable" seed="1173996697" result="Passed" start-time="2025-02-16 08:20:39Z" end-time="2025-02-16 08:20:41Z" duration="2.002826" asserts="2" />
              <test-case id="0-1015" name="InvokeTestWith_504_No_MaxRetryTime" fullname="PureCloudPlatform.Client.V2.Tests.ApiClientTests.InvokeTestWith_504_No_MaxRetryTime" methodname="InvokeTestWith_504_No_MaxRetryTime" classname="PureCloudPlatform.Client.V2.Tests.ApiClientTests" runstate="Runnable" seed="2056028745" result="Passed" start-time="2025-02-16 08:20:41Z" end-time="2025-02-16 08:20:41Z" duration="0.001560" asserts="2" />
            </test-suite>
            <test-suite type="TestFixture" id="0-1000" name="SdkTests" fullname="PureCloudPlatform.Client.V2.Tests.SdkTests" classname="PureCloudPlatform.Client.V2.Tests.SdkTests" runstate="Runnable" testcasecount="8" result="Passed" start-time="2025-02-16 08:20:41Z" end-time="2025-02-16 08:20:49Z" duration="7.837447" total="8" passed="8" failed="0" warnings="0" inconclusive="0" skipped="0" asserts="21">
              <properties>
                <property name="Timeout" value="70000" />
              </properties>
              <test-case id="0-1001" name="TraceBasicInformation" fullname="PureCloudPlatform.Client.V2.Tests.SdkTests.TraceBasicInformation" methodname="TraceBasicInformation" classname="PureCloudPlatform.Client.V2.Tests.SdkTests" runstate="Runnable" seed="1279476426" result="Passed" start-time="2025-02-16 08:20:41Z" end-time="2025-02-16 08:20:41Z" duration="0.005258" asserts="6">
                <properties>
                  <property name="Order" value="0" />
                </properties>
                <output><![CDATA[PURECLOUD_ENVIRONMENT=mypurecloud.com
PURECLOUD_CLIENT_ID=7de3af06-c0b3-4f9b-af45-72f4a14037cc
userEmail=d2049c91-53d3-4c72-8702-743e5c9c8355@mypurecloud.com
]]></output>
              </test-case>
              <test-case id="0-1002" name="Authenticate" fullname="PureCloudPlatform.Client.V2.Tests.SdkTests.Authenticate" methodname="Authenticate" classname="PureCloudPlatform.Client.V2.Tests.SdkTests" runstate="Runnable" seed="1919250732" result="Passed" start-time="2025-02-16 08:20:41Z" end-time="2025-02-16 08:20:41Z" duration="0.087696" asserts="1">
                <properties>
                  <property name="Order" value="1" />
                </properties>
              </test-case>
              <test-case id="0-1003" name="CreateUser" fullname="PureCloudPlatform.Client.V2.Tests.SdkTests.CreateUser" methodname="CreateUser" classname="PureCloudPlatform.Client.V2.Tests.SdkTests" runstate="Runnable" seed="849864291" result="Passed" start-time="2025-02-16 08:20:41Z" end-time="2025-02-16 08:20:42Z" duration="0.892010" asserts="2">
                <properties>
                  <property name="Order" value="2" />
                </properties>
                <output><![CDATA[CorrelationId for PostUsersWithHttpInfo 3a4403fd-d9a4-44a4-aa9d-873ffd757fb6
Version for PostUsersWithHttpInfo 1
Created user with ID f2250be4-01ab-458d-afda-f54aaf87808d
]]></output>
              </test-case>
              <test-case id="0-1004" name="UpdateUser" fullname="PureCloudPlatform.Client.V2.Tests.SdkTests.UpdateUser" methodname="UpdateUser" classname="PureCloudPlatform.Client.V2.Tests.SdkTests" runstate="Runnable" seed="1085900692" result="Passed" start-time="2025-02-16 08:20:42Z" end-time="2025-02-16 08:20:42Z" duration="0.109352" asserts="4">
                <properties>
                  <property name="Order" value="3" />
                </properties>
              </test-case>
              <test-case id="0-1005" name="SetProfileSkills" fullname="PureCloudPlatform.Client.V2.Tests.SdkTests.SetProfileSkills" methodname="SetProfileSkills" classname="PureCloudPlatform.Client.V2.Tests.SdkTests" runstate="Runnable" seed="1926684322" result="Passed" start-time="2025-02-16 08:20:42Z" end-time="2025-02-16 08:20:42Z" duration="0.110662" asserts="2">
                <properties>
                  <property name="Order" value="4" />
                </properties>
                <output><![CDATA[CorrelationId for PutUserProfileskillsWithHttpInfo 386245e4-5365-4e35-9d02-653fdefd0388
]]></output>
              </test-case>
              <test-case id="0-1006" name="TestNotifications" fullname="PureCloudPlatform.Client.V2.Tests.SdkTests.TestNotifications" methodname="TestNotifications" classname="PureCloudPlatform.Client.V2.Tests.SdkTests" runstate="Runnable" seed="512304282" result="Passed" start-time="2025-02-16 08:20:42Z" end-time="2025-02-16 08:20:43Z" duration="0.399907" asserts="2">
                <properties>
                  <property name="Order" value="5" />
                </properties>
              </test-case>
              <test-case id="0-1007" name="GetUser" fullname="PureCloudPlatform.Client.V2.Tests.SdkTests.GetUser" methodname="GetUser" classname="PureCloudPlatform.Client.V2.Tests.SdkTests" runstate="Runnable" seed="1295387769" result="Passed" start-time="2025-02-16 08:20:43Z" end-time="2025-02-16 08:20:49Z" duration="6.062727" asserts="4">
                <properties>
                  <property name="Retry" value="2" />
                  <property name="Order" value="6" />
                </properties>
                <output><![CDATA[CorrelationId for GetUserWithHttpInfo 985ed495-e6a5-4f0c-8692-e9293d40e859
Version for GetUserWithHttpInfo 3
]]></output>
              </test-case>
              <test-case id="0-1008" name="DeleteUserWithProxy" fullname="PureCloudPlatform.Client.V2.Tests.SdkTests.DeleteUserWithProxy" methodname="DeleteUserWithProxy" classname="PureCloudPlatform.Client.V2.Tests.SdkTests" runstate="Runnable" seed="1805454941" result="Passed" start-time="2025-02-16 08:20:49Z" end-time="2025-02-16 08:20:49Z" duration="0.163472" asserts="0">
                <properties>
                  <property name="Order" value="7" />
                </properties>
              </test-case>
            </test-suite>
            <test-suite type="TestFixture" id="0-1022" name="UpgradeSdkEnumConverterTests" fullname="PureCloudPlatform.Client.V2.Tests.UpgradeSdkEnumConverterTests" classname="PureCloudPlatform.Client.V2.Tests.UpgradeSdkEnumConverterTests" runstate="Runnable" testcasecount="20" result="Passed" start-time="2025-02-16 08:20:49Z" end-time="2025-02-16 08:20:49Z" duration="0.010092" total="20" passed="20" failed="0" warnings="0" inconclusive="0" skipped="0" asserts="20">
              <test-suite type="ParameterizedMethod" id="0-1027" name="TestReadInt32" fullname="PureCloudPlatform.Client.V2.Tests.UpgradeSdkEnumConverterTests.TestReadInt32" classname="PureCloudPlatform.Client.V2.Tests.UpgradeSdkEnumConverterTests" runstate="Runnable" testcasecount="4" result="Passed" start-time="2025-02-16 08:20:49Z" end-time="2025-02-16 08:20:49Z" duration="0.004310" total="4" passed="4" failed="0" warnings="0" inconclusive="0" skipped="0" asserts="4">
                <test-case id="0-1023" name="TestReadInt32(0)" fullname="PureCloudPlatform.Client.V2.Tests.UpgradeSdkEnumConverterTests.TestReadInt32(0)" methodname="TestReadInt32" classname="PureCloudPlatform.Client.V2.Tests.UpgradeSdkEnumConverterTests" runstate="Runnable" seed="665947604" result="Passed" start-time="2025-02-16 08:20:49Z" end-time="2025-02-16 08:20:49Z" duration="0.003698" asserts="1" />
                <test-case id="0-1024" name="TestReadInt32(1)" fullname="PureCloudPlatform.Client.V2.Tests.UpgradeSdkEnumConverterTests.TestReadInt32(1)" methodname="TestReadInt32" classname="PureCloudPlatform.Client.V2.Tests.UpgradeSdkEnumConverterTests" runstate="Runnable" seed="858606484" result="Passed" start-time="2025-02-16 08:20:49Z" end-time="2025-02-16 08:20:49Z" duration="0.000147" asserts="1" />
                <test-case id="0-1025" name="TestReadInt32(256)" fullname="PureCloudPlatform.Client.V2.Tests.UpgradeSdkEnumConverterTests.TestReadInt32(256)" methodname="TestReadInt32" classname="PureCloudPlatform.Client.V2.Tests.UpgradeSdkEnumConverterTests" runstate="Runnable" seed="785847490" result="Passed" start-time="2025-02-16 08:20:49Z" end-time="2025-02-16 08:20:49Z" duration="0.000090" asserts="1" />
                <test-case id="0-1026" name="TestReadInt32(-1)" fullname="PureCloudPlatform.Client.V2.Tests.UpgradeSdkEnumConverterTests.TestReadInt32(-1)" methodname="TestReadInt32" classname="PureCloudPlatform.Client.V2.Tests.UpgradeSdkEnumConverterTests" runstate="Runnable" seed="447395534" result="Passed" start-time="2025-02-16 08:20:49Z" end-time="2025-02-16 08:20:49Z" duration="0.000102" asserts="1" />
              </test-suite>
              <test-suite type="ParameterizedMethod" id="0-1035" name="TestReadString" fullname="PureCloudPlatform.Client.V2.Tests.UpgradeSdkEnumConverterTests.TestReadString" classname="PureCloudPlatform.Client.V2.Tests.UpgradeSdkEnumConverterTests" runstate="Runnable" testcasecount="7" result="Passed" start-time="2025-02-16 08:20:49Z" end-time="2025-02-16 08:20:49Z" duration="0.001597" total="7" passed="7" failed="0" warnings="0" inconclusive="0" skipped="0" asserts="7">
                <test-case id="0-1028" name="TestReadString(&quot;alerting&quot;)" fullname="PureCloudPlatform.Client.V2.Tests.UpgradeSdkEnumConverterTests.TestReadString(&quot;alerting&quot;)" methodname="TestReadString" classname="PureCloudPlatform.Client.V2.Tests.UpgradeSdkEnumConverterTests" runstate="Runnable" seed="1451117353" result="Passed" start-time="2025-02-16 08:20:49Z" end-time="2025-02-16 08:20:49Z" duration="0.000470" asserts="1" />
                <test-case id="0-1029" name="TestReadString(&quot;AlErTiNg&quot;)" fullname="PureCloudPlatform.Client.V2.Tests.UpgradeSdkEnumConverterTests.TestReadString(&quot;AlErTiNg&quot;)" methodname="TestReadString" classname="PureCloudPlatform.Client.V2.Tests.UpgradeSdkEnumConverterTests" runstate="Runnable" seed="1219610358" result="Passed" start-time="2025-02-16 08:20:49Z" end-time="2025-02-16 08:20:49Z" duration="0.000148" asserts="1" />
                <test-case id="0-1030" name="TestReadString(&quot;delivery-success&quot;)" fullname="PureCloudPlatform.Client.V2.Tests.UpgradeSdkEnumConverterTests.TestReadString(&quot;delivery-success&quot;)" methodname="TestReadString" classname="PureCloudPlatform.Client.V2.Tests.UpgradeSdkEnumConverterTests" runstate="Runnable" seed="90492566" result="Passed" start-time="2025-02-16 08:20:49Z" end-time="2025-02-16 08:20:49Z" duration="0.000121" asserts="1" />
                <test-case id="0-1031" name="TestReadString(&quot;Deliverysuccess&quot;)" fullname="PureCloudPlatform.Client.V2.Tests.UpgradeSdkEnumConverterTests.TestReadString(&quot;Deliverysuccess&quot;)" methodname="TestReadString" classname="PureCloudPlatform.Client.V2.Tests.UpgradeSdkEnumConverterTests" runstate="Runnable" seed="421268989" result="Passed" start-time="2025-02-16 08:20:49Z" end-time="2025-02-16 08:20:49Z" duration="0.000190" asserts="1" />
                <test-case id="0-1032" name="TestReadString(&quot;OUTDATED_SDK_VERSION&quot;)" fullname="PureCloudPlatform.Client.V2.Tests.UpgradeSdkEnumConverterTests.TestReadString(&quot;OUTDATED_SDK_VERSION&quot;)" methodname="TestReadString" classname="PureCloudPlatform.Client.V2.Tests.UpgradeSdkEnumConverterTests" runstate="Runnable" seed="175161087" result="Passed" start-time="2025-02-16 08:20:49Z" end-time="2025-02-16 08:20:49Z" duration="0.000152" asserts="1" />
                <test-case id="0-1033" name="TestReadString(&quot;foo&quot;)" fullname="PureCloudPlatform.Client.V2.Tests.UpgradeSdkEnumConverterTests.TestReadString(&quot;foo&quot;)" methodname="TestReadString" classname="PureCloudPlatform.Client.V2.Tests.UpgradeSdkEnumConverterTests" runstate="Runnable" seed="1380153795" result="Passed" start-time="2025-02-16 08:20:49Z" end-time="2025-02-16 08:20:49Z" duration="0.000184" asserts="1" />
                <test-case id="0-1034" name="TestReadString(&quot;&quot;)" fullname="PureCloudPlatform.Client.V2.Tests.UpgradeSdkEnumConverterTests.TestReadString(&quot;&quot;)" methodname="TestReadString" classname="PureCloudPlatform.Client.V2.Tests.UpgradeSdkEnumConverterTests" runstate="Runnable" seed="790349209" result="Passed" start-time="2025-02-16 08:20:49Z" end-time="2025-02-16 08:20:49Z" duration="0.000138" asserts="1" />
              </test-suite>
              <test-suite type="ParameterizedMethod" id="0-1039" name="TestReadStringNullable" fullname="PureCloudPlatform.Client.V2.Tests.UpgradeSdkEnumConverterTests.TestReadStringNullable" classname="PureCloudPlatform.Client.V2.Tests.UpgradeSdkEnumConverterTests" runstate="Runnable" testcasecount="3" result="Passed" start-time="2025-02-16 08:20:49Z" end-time="2025-02-16 08:20:49Z" duration="0.001521" total="3" passed="3" failed="0" warnings="0" inconclusive="0" skipped="0" asserts="3">
                <test-case id="0-1036" name="TestReadStringNullable(&quot;alerting&quot;)" fullname="PureCloudPlatform.Client.V2.Tests.UpgradeSdkEnumConverterTests.TestReadStringNullable(&quot;alerting&quot;)" methodname="TestReadStringNullable" classname="PureCloudPlatform.Client.V2.Tests.UpgradeSdkEnumConverterTests" runstate="Runnable" seed="1956255178" result="Passed" start-time="2025-02-16 08:20:49Z" end-time="2025-02-16 08:20:49Z" duration="0.001063" asserts="1" />
                <test-case id="0-1037" name="TestReadStringNullable(&quot;&quot;)" fullname="PureCloudPlatform.Client.V2.Tests.UpgradeSdkEnumConverterTests.TestReadStringNullable(&quot;&quot;)" methodname="TestReadStringNullable" classname="PureCloudPlatform.Client.V2.Tests.UpgradeSdkEnumConverterTests" runstate="Runnable" seed="1679077877" result="Passed" start-time="2025-02-16 08:20:49Z" end-time="2025-02-16 08:20:49Z" duration="0.000158" asserts="1" />
                <test-case id="0-1038" name="TestReadStringNullable(null)" fullname="PureCloudPlatform.Client.V2.Tests.UpgradeSdkEnumConverterTests.TestReadStringNullable(null)" methodname="TestReadStringNullable" classname="PureCloudPlatform.Client.V2.Tests.UpgradeSdkEnumConverterTests" runstate="Runnable" seed="1544055682" result="Passed" start-time="2025-02-16 08:20:49Z" end-time="2025-02-16 08:20:49Z" duration="0.000198" asserts="1" />
              </test-suite>
              <test-suite type="ParameterizedMethod" id="0-1043" name="TestWrite" fullname="PureCloudPlatform.Client.V2.Tests.UpgradeSdkEnumConverterTests.TestWrite" classname="PureCloudPlatform.Client.V2.Tests.UpgradeSdkEnumConverterTests" runstate="Runnable" testcasecount="3" result="Passed" start-time="2025-02-16 08:20:49Z" end-time="2025-02-16 08:20:49Z" duration="0.001355" total="3" passed="3" failed="0" warnings="0" inconclusive="0" skipped="0" asserts="3">
                <test-case id="0-1040" name="TestWrite(Deliverysuccess)" fullname="PureCloudPlatform.Client.V2.Tests.UpgradeSdkEnumConverterTests.TestWrite(Deliverysuccess)" methodname="TestWrite" classname="PureCloudPlatform.Client.V2.Tests.UpgradeSdkEnumConverterTests" runstate="Runnable" seed="279637862" result="Passed" start-time="2025-02-16 08:20:49Z" end-time="2025-02-16 08:20:49Z" duration="0.001058" asserts="1" />
                <test-case id="0-1041" name="TestWrite(OutdatedSdkVersion)" fullname="PureCloudPlatform.Client.V2.Tests.UpgradeSdkEnumConverterTests.TestWrite(OutdatedSdkVersion)" methodname="TestWrite" classname="PureCloudPlatform.Client.V2.Tests.UpgradeSdkEnumConverterTests" runstate="Runnable" seed="2101256625" result="Passed" start-time="2025-02-16 08:20:49Z" end-time="2025-02-16 08:20:49Z" duration="0.000106" asserts="1" />
                <test-case id="0-1042" name="TestWrite(256)" fullname="PureCloudPlatform.Client.V2.Tests.UpgradeSdkEnumConverterTests.TestWrite(256)" methodname="TestWrite" classname="PureCloudPlatform.Client.V2.Tests.UpgradeSdkEnumConverterTests" runstate="Runnable" seed="1241048623" result="Passed" start-time="2025-02-16 08:20:49Z" end-time="2025-02-16 08:20:49Z" duration="0.000093" asserts="1" />
              </test-suite>
              <test-suite type="ParameterizedMethod" id="0-1047" name="TestWriteNullable" fullname="PureCloudPlatform.Client.V2.Tests.UpgradeSdkEnumConverterTests.TestWriteNullable" classname="PureCloudPlatform.Client.V2.Tests.UpgradeSdkEnumConverterTests" runstate="Runnable" testcasecount="3" result="Passed" start-time="2025-02-16 08:20:49Z" end-time="2025-02-16 08:20:49Z" duration="0.001048" total="3" passed="3" failed="0" warnings="0" inconclusive="0" skipped="0" asserts="3">
                <test-case id="0-1044" name="TestWriteNullable(Deliverysuccess)" fullname="PureCloudPlatform.Client.V2.Tests.UpgradeSdkEnumConverterTests.TestWriteNullable(Deliverysuccess)" methodname="TestWriteNullable" classname="PureCloudPlatform.Client.V2.Tests.UpgradeSdkEnumConverterTests" runstate="Runnable" seed="111541090" result="Passed" start-time="2025-02-16 08:20:49Z" end-time="2025-02-16 08:20:49Z" duration="0.000361" asserts="1" />
                <test-case id="0-1045" name="TestWriteNullable(OutdatedSdkVersion)" fullname="PureCloudPlatform.Client.V2.Tests.UpgradeSdkEnumConverterTests.TestWriteNullable(OutdatedSdkVersion)" methodname="TestWriteNullable" classname="PureCloudPlatform.Client.V2.Tests.UpgradeSdkEnumConverterTests" runstate="Runnable" seed="236563260" result="Passed" start-time="2025-02-16 08:20:49Z" end-time="2025-02-16 08:20:49Z" duration="0.000097" asserts="1" />
                <test-case id="0-1046" name="TestWriteNullable(null)" fullname="PureCloudPlatform.Client.V2.Tests.UpgradeSdkEnumConverterTests.TestWriteNullable(null)" methodname="TestWriteNullable" classname="PureCloudPlatform.Client.V2.Tests.UpgradeSdkEnumConverterTests" runstate="Runnable" seed="1182151559" result="Passed" start-time="2025-02-16 08:20:49Z" end-time="2025-02-16 08:20:49Z" duration="0.000159" asserts="1" />
              </test-suite>
            </test-suite>
          </test-suite>
        </test-suite>
      </test-suite>
    </test-suite>
  </test-suite>
</test-run>