<?xml version="1.0" encoding="utf-8" standalone="no"?>
<test-run id="2" testcasecount="40" result="Passed" total="40" passed="40" failed="0" inconclusive="0" skipped="0" asserts="65" engine-version="3.8.0.0" clr-version="4.0.30319.42000" start-time="2025-01-11 08:24:02Z" end-time="2025-01-11 08:26:13Z" duration="130.849233">
  <command-line><![CDATA[/var/build/workspace/build-platform-sdks-pipeline/resources/sdk/pureclouddotnet/bin/nunit/nunit3-console.exe /var/build/workspace/build-platform-sdks-pipeline/output/pureclouddotnet/build/bin/PureCloudPlatform.Client.V2.Tests.dll]]></command-line>
  <test-suite type="Assembly" id="0-1048" name="PureCloudPlatform.Client.V2.Tests.dll" fullname="/var/build/workspace/build-platform-sdks-pipeline/output/pureclouddotnet/build/bin/PureCloudPlatform.Client.V2.Tests.dll" runstate="Runnable" testcasecount="40" result="Passed" start-time="2025-01-11 08:24:03Z" end-time="2025-01-11 08:26:13Z" duration="129.886039" total="40" passed="40" failed="0" warnings="0" inconclusive="0" skipped="0" asserts="65">
    <environment framework-version="3.10.1.0" clr-version="4.0.30319.42000" os-version="Unix 4.14.355.275" platform="Unix" cwd="/var/build/workspace/build-platform-sdks-pipeline/output/pureclouddotnet/build" machine-name="jenkins-agent-10-25-210-97" user="jenkins" user-domain="jenkins-agent-10-25-210-97" culture="en-US" uiculture="en-US" os-architecture="x64" />
    <settings>
      <setting name="DisposeRunners" value="True" />
      <setting name="WorkDirectory" value="/var/build/workspace/build-platform-sdks-pipeline/output/pureclouddotnet/build" />
      <setting name="ImageRuntimeVersion" value="4.0.30319" />
      <setting name="ImageTargetFrameworkName" value=".NETFramework,Version=v4.7.1" />
      <setting name="ImageRequiresX86" value="False" />
      <setting name="ImageRequiresDefaultAppDomainAssemblyResolver" value="False" />
      <setting name="NumberOfTestWorkers" value="4" />
    </settings>
    <properties>
      <property name="_PID" value="2295" />
      <property name="_APPDOMAIN" value="domain-" />
    </properties>
    <test-suite type="TestSuite" id="0-1049" name="PureCloudPlatform" fullname="PureCloudPlatform" runstate="Runnable" testcasecount="40" result="Passed" start-time="2025-01-11 08:24:03Z" end-time="2025-01-11 08:26:13Z" duration="129.867699" total="40" passed="40" failed="0" warnings="0" inconclusive="0" skipped="0" asserts="65">
      <test-suite type="TestSuite" id="0-1050" name="Client" fullname="PureCloudPlatform.Client" runstate="Runnable" testcasecount="40" result="Passed" start-time="2025-01-11 08:24:03Z" end-time="2025-01-11 08:26:13Z" duration="129.867443" total="40" passed="40" failed="0" warnings="0" inconclusive="0" skipped="0" asserts="65">
        <test-suite type="TestSuite" id="0-1051" name="V2" fullname="PureCloudPlatform.Client.V2" runstate="Runnable" testcasecount="40" result="Passed" start-time="2025-01-11 08:24:03Z" end-time="2025-01-11 08:26:13Z" duration="129.867416" total="40" passed="40" failed="0" warnings="0" inconclusive="0" skipped="0" asserts="65">
          <test-suite type="TestSuite" id="0-1052" name="Tests" fullname="PureCloudPlatform.Client.V2.Tests" runstate="Runnable" testcasecount="40" result="Passed" start-time="2025-01-11 08:24:03Z" end-time="2025-01-11 08:26:13Z" duration="129.867389" total="40" passed="40" failed="0" warnings="0" inconclusive="0" skipped="0" asserts="65">
            <test-suite type="TestFixture" id="0-1009" name="ApiClientTests" fullname="PureCloudPlatform.Client.V2.Tests.ApiClientTests" classname="PureCloudPlatform.Client.V2.Tests.ApiClientTests" runstate="Runnable" testcasecount="12" result="Passed" start-time="2025-01-11 08:24:03Z" end-time="2025-01-11 08:26:05Z" duration="121.887120" total="12" passed="12" failed="0" warnings="0" inconclusive="0" skipped="0" asserts="24">
              <test-case id="0-1016" name="InvokeAsyncTestWith_429" fullname="PureCloudPlatform.Client.V2.Tests.ApiClientTests.InvokeAsyncTestWith_429" methodname="InvokeAsyncTestWith_429" classname="PureCloudPlatform.Client.V2.Tests.ApiClientTests" runstate="Runnable" seed="1027240552" result="Passed" start-time="2025-01-11 08:24:04Z" end-time="2025-01-11 08:24:09Z" duration="5.039245" asserts="2" />
              <test-case id="0-1017" name="InvokeAsyncTestWith_429_And_No_MaxRetryTime" fullname="PureCloudPlatform.Client.V2.Tests.ApiClientTests.InvokeAsyncTestWith_429_And_No_MaxRetryTime" methodname="InvokeAsyncTestWith_429_And_No_MaxRetryTime" classname="PureCloudPlatform.Client.V2.Tests.ApiClientTests" runstate="Runnable" seed="2051300457" result="Passed" start-time="2025-01-11 08:24:09Z" end-time="2025-01-11 08:24:09Z" duration="0.033211" asserts="2" />
              <test-case id="0-1018" name="InvokeAsyncTestWith_502" fullname="PureCloudPlatform.Client.V2.Tests.ApiClientTests.InvokeAsyncTestWith_502" methodname="InvokeAsyncTestWith_502" classname="PureCloudPlatform.Client.V2.Tests.ApiClientTests" runstate="Runnable" seed="1944538185" result="Passed" start-time="2025-01-11 08:24:09Z" end-time="2025-01-11 08:24:22Z" duration="13.011181" asserts="2" />
              <test-case id="0-1019" name="InvokeAsyncTestWith_503" fullname="PureCloudPlatform.Client.V2.Tests.ApiClientTests.InvokeAsyncTestWith_503" methodname="InvokeAsyncTestWith_503" classname="PureCloudPlatform.Client.V2.Tests.ApiClientTests" runstate="Runnable" seed="252983343" result="Passed" start-time="2025-01-11 08:24:22Z" end-time="2025-01-11 08:25:02Z" duration="40.005188" asserts="2" />
              <test-case id="0-1020" name="InvokeAsyncTestWith_504" fullname="PureCloudPlatform.Client.V2.Tests.ApiClientTests.InvokeAsyncTestWith_504" methodname="InvokeAsyncTestWith_504" classname="PureCloudPlatform.Client.V2.Tests.ApiClientTests" runstate="Runnable" seed="472047399" result="Passed" start-time="2025-01-11 08:25:02Z" end-time="2025-01-11 08:25:04Z" duration="2.003046" asserts="2" />
              <test-case id="0-1021" name="InvokeAsyncTestWith_504_And_No_MaxRetryTime" fullname="PureCloudPlatform.Client.V2.Tests.ApiClientTests.InvokeAsyncTestWith_504_And_No_MaxRetryTime" methodname="InvokeAsyncTestWith_504_And_No_MaxRetryTime" classname="PureCloudPlatform.Client.V2.Tests.ApiClientTests" runstate="Runnable" seed="1897497721" result="Passed" start-time="2025-01-11 08:25:04Z" end-time="2025-01-11 08:25:04Z" duration="0.002371" asserts="2" />
              <test-case id="0-1010" name="InvokeTestWith_429" fullname="PureCloudPlatform.Client.V2.Tests.ApiClientTests.InvokeTestWith_429" methodname="InvokeTestWith_429" classname="PureCloudPlatform.Client.V2.Tests.ApiClientTests" runstate="Runnable" seed="1305209007" result="Passed" start-time="2025-01-11 08:25:04Z" end-time="2025-01-11 08:25:10Z" duration="6.005163" asserts="2" />
              <test-case id="0-1011" name="InvokeTestWith_429_And_No_MaxRetryTime" fullname="PureCloudPlatform.Client.V2.Tests.ApiClientTests.InvokeTestWith_429_And_No_MaxRetryTime" methodname="InvokeTestWith_429_And_No_MaxRetryTime" classname="PureCloudPlatform.Client.V2.Tests.ApiClientTests" runstate="Runnable" seed="410650522" result="Passed" start-time="2025-01-11 08:25:10Z" end-time="2025-01-11 08:25:10Z" duration="0.001437" asserts="2" />
              <test-case id="0-1012" name="InvokeTestWith_502" fullname="PureCloudPlatform.Client.V2.Tests.ApiClientTests.InvokeTestWith_502" methodname="InvokeTestWith_502" classname="PureCloudPlatform.Client.V2.Tests.ApiClientTests" runstate="Runnable" seed="689343338" result="Passed" start-time="2025-01-11 08:25:10Z" end-time="2025-01-11 08:25:23Z" duration="13.004127" asserts="2" />
              <test-case id="0-1013" name="InvokeTestWith_503" fullname="PureCloudPlatform.Client.V2.Tests.ApiClientTests.InvokeTestWith_503" methodname="InvokeTestWith_503" classname="PureCloudPlatform.Client.V2.Tests.ApiClientTests" runstate="Runnable" seed="1629687988" result="Passed" start-time="2025-01-11 08:25:23Z" end-time="2025-01-11 08:26:03Z" duration="40.008090" asserts="2" />
              <test-case id="0-1014" name="InvokeTestWith_504" fullname="PureCloudPlatform.Client.V2.Tests.ApiClientTests.InvokeTestWith_504" methodname="InvokeTestWith_504" classname="PureCloudPlatform.Client.V2.Tests.ApiClientTests" runstate="Runnable" seed="221557729" result="Passed" start-time="2025-01-11 08:26:03Z" end-time="2025-01-11 08:26:05Z" duration="2.002516" asserts="2" />
              <test-case id="0-1015" name="InvokeTestWith_504_No_MaxRetryTime" fullname="PureCloudPlatform.Client.V2.Tests.ApiClientTests.InvokeTestWith_504_No_MaxRetryTime" methodname="InvokeTestWith_504_No_MaxRetryTime" classname="PureCloudPlatform.Client.V2.Tests.ApiClientTests" runstate="Runnable" seed="1177009523" result="Passed" start-time="2025-01-11 08:26:05Z" end-time="2025-01-11 08:26:05Z" duration="0.001389" asserts="2" />
            </test-suite>
            <test-suite type="TestFixture" id="0-1000" name="SdkTests" fullname="PureCloudPlatform.Client.V2.Tests.SdkTests" classname="PureCloudPlatform.Client.V2.Tests.SdkTests" runstate="Runnable" testcasecount="8" result="Passed" start-time="2025-01-11 08:26:05Z" end-time="2025-01-11 08:26:13Z" duration="7.966958" total="8" passed="8" failed="0" warnings="0" inconclusive="0" skipped="0" asserts="21">
              <properties>
                <property name="Timeout" value="70000" />
              </properties>
              <test-case id="0-1001" name="TraceBasicInformation" fullname="PureCloudPlatform.Client.V2.Tests.SdkTests.TraceBasicInformation" methodname="TraceBasicInformation" classname="PureCloudPlatform.Client.V2.Tests.SdkTests" runstate="Runnable" seed="485025018" result="Passed" start-time="2025-01-11 08:26:05Z" end-time="2025-01-11 08:26:05Z" duration="0.005085" asserts="6">
                <properties>
                  <property name="Order" value="0" />
                </properties>
                <output><![CDATA[PURECLOUD_ENVIRONMENT=mypurecloud.com
PURECLOUD_CLIENT_ID=7de3af06-c0b3-4f9b-af45-72f4a14037cc
userEmail=e7a326a8-61b2-48d3-97c1-18470996108f@mypurecloud.com
]]></output>
              </test-case>
              <test-case id="0-1002" name="Authenticate" fullname="PureCloudPlatform.Client.V2.Tests.SdkTests.Authenticate" methodname="Authenticate" classname="PureCloudPlatform.Client.V2.Tests.SdkTests" runstate="Runnable" seed="1045953681" result="Passed" start-time="2025-01-11 08:26:05Z" end-time="2025-01-11 08:26:05Z" duration="0.079406" asserts="1">
                <properties>
                  <property name="Order" value="1" />
                </properties>
              </test-case>
              <test-case id="0-1003" name="CreateUser" fullname="PureCloudPlatform.Client.V2.Tests.SdkTests.CreateUser" methodname="CreateUser" classname="PureCloudPlatform.Client.V2.Tests.SdkTests" runstate="Runnable" seed="1290013199" result="Passed" start-time="2025-01-11 08:26:05Z" end-time="2025-01-11 08:26:06Z" duration="0.884224" asserts="2">
                <properties>
                  <property name="Order" value="2" />
                </properties>
                <output><![CDATA[CorrelationId for PostUsersWithHttpInfo 93994af4-0e93-4ebf-8033-6377a99ba8cb
Version for PostUsersWithHttpInfo 1
Created user with ID 96d7bc89-23b7-42e6-8e3f-ed879bce24ad
]]></output>
              </test-case>
              <test-case id="0-1004" name="UpdateUser" fullname="PureCloudPlatform.Client.V2.Tests.SdkTests.UpdateUser" methodname="UpdateUser" classname="PureCloudPlatform.Client.V2.Tests.SdkTests" runstate="Runnable" seed="1760137890" result="Passed" start-time="2025-01-11 08:26:06Z" end-time="2025-01-11 08:26:06Z" duration="0.126419" asserts="4">
                <properties>
                  <property name="Order" value="3" />
                </properties>
              </test-case>
              <test-case id="0-1005" name="SetProfileSkills" fullname="PureCloudPlatform.Client.V2.Tests.SdkTests.SetProfileSkills" methodname="SetProfileSkills" classname="PureCloudPlatform.Client.V2.Tests.SdkTests" runstate="Runnable" seed="2012306806" result="Passed" start-time="2025-01-11 08:26:06Z" end-time="2025-01-11 08:26:06Z" duration="0.117049" asserts="2">
                <properties>
                  <property name="Order" value="4" />
                </properties>
                <output><![CDATA[CorrelationId for PutUserProfileskillsWithHttpInfo dc39e59a-cc4e-4e6c-a38f-ea985bdfebcb
]]></output>
              </test-case>
              <test-case id="0-1006" name="TestNotifications" fullname="PureCloudPlatform.Client.V2.Tests.SdkTests.TestNotifications" methodname="TestNotifications" classname="PureCloudPlatform.Client.V2.Tests.SdkTests" runstate="Runnable" seed="1980034811" result="Passed" start-time="2025-01-11 08:26:06Z" end-time="2025-01-11 08:26:06Z" duration="0.429069" asserts="2">
                <properties>
                  <property name="Order" value="5" />
                </properties>
              </test-case>
              <test-case id="0-1007" name="GetUser" fullname="PureCloudPlatform.Client.V2.Tests.SdkTests.GetUser" methodname="GetUser" classname="PureCloudPlatform.Client.V2.Tests.SdkTests" runstate="Runnable" seed="46012378" result="Passed" start-time="2025-01-11 08:26:06Z" end-time="2025-01-11 08:26:12Z" duration="6.054977" asserts="4">
                <properties>
                  <property name="Retry" value="2" />
                  <property name="Order" value="6" />
                </properties>
                <output><![CDATA[CorrelationId for GetUserWithHttpInfo 388eebe9-4fe9-40e7-8c25-a7625e345fa5
Version for GetUserWithHttpInfo 3
]]></output>
              </test-case>
              <test-case id="0-1008" name="DeleteUserWithProxy" fullname="PureCloudPlatform.Client.V2.Tests.SdkTests.DeleteUserWithProxy" methodname="DeleteUserWithProxy" classname="PureCloudPlatform.Client.V2.Tests.SdkTests" runstate="Runnable" seed="1958425024" result="Passed" start-time="2025-01-11 08:26:12Z" end-time="2025-01-11 08:26:13Z" duration="0.264665" asserts="0">
                <properties>
                  <property name="Order" value="7" />
                </properties>
              </test-case>
            </test-suite>
            <test-suite type="TestFixture" id="0-1022" name="UpgradeSdkEnumConverterTests" fullname="PureCloudPlatform.Client.V2.Tests.UpgradeSdkEnumConverterTests" classname="PureCloudPlatform.Client.V2.Tests.UpgradeSdkEnumConverterTests" runstate="Runnable" testcasecount="20" result="Passed" start-time="2025-01-11 08:26:13Z" end-time="2025-01-11 08:26:13Z" duration="0.010072" total="20" passed="20" failed="0" warnings="0" inconclusive="0" skipped="0" asserts="20">
              <test-suite type="ParameterizedMethod" id="0-1027" name="TestReadInt32" fullname="PureCloudPlatform.Client.V2.Tests.UpgradeSdkEnumConverterTests.TestReadInt32" classname="PureCloudPlatform.Client.V2.Tests.UpgradeSdkEnumConverterTests" runstate="Runnable" testcasecount="4" result="Passed" start-time="2025-01-11 08:26:13Z" end-time="2025-01-11 08:26:13Z" duration="0.004552" total="4" passed="4" failed="0" warnings="0" inconclusive="0" skipped="0" asserts="4">
                <test-case id="0-1023" name="TestReadInt32(0)" fullname="PureCloudPlatform.Client.V2.Tests.UpgradeSdkEnumConverterTests.TestReadInt32(0)" methodname="TestReadInt32" classname="PureCloudPlatform.Client.V2.Tests.UpgradeSdkEnumConverterTests" runstate="Runnable" seed="144754285" result="Passed" start-time="2025-01-11 08:26:13Z" end-time="2025-01-11 08:26:13Z" duration="0.003929" asserts="1" />
                <test-case id="0-1024" name="TestReadInt32(1)" fullname="PureCloudPlatform.Client.V2.Tests.UpgradeSdkEnumConverterTests.TestReadInt32(1)" methodname="TestReadInt32" classname="PureCloudPlatform.Client.V2.Tests.UpgradeSdkEnumConverterTests" runstate="Runnable" seed="1249649298" result="Passed" start-time="2025-01-11 08:26:13Z" end-time="2025-01-11 08:26:13Z" duration="0.000135" asserts="1" />
                <test-case id="0-1025" name="TestReadInt32(256)" fullname="PureCloudPlatform.Client.V2.Tests.UpgradeSdkEnumConverterTests.TestReadInt32(256)" methodname="TestReadInt32" classname="PureCloudPlatform.Client.V2.Tests.UpgradeSdkEnumConverterTests" runstate="Runnable" seed="61409036" result="Passed" start-time="2025-01-11 08:26:13Z" end-time="2025-01-11 08:26:13Z" duration="0.000094" asserts="1" />
                <test-case id="0-1026" name="TestReadInt32(-1)" fullname="PureCloudPlatform.Client.V2.Tests.UpgradeSdkEnumConverterTests.TestReadInt32(-1)" methodname="TestReadInt32" classname="PureCloudPlatform.Client.V2.Tests.UpgradeSdkEnumConverterTests" runstate="Runnable" seed="791960186" result="Passed" start-time="2025-01-11 08:26:13Z" end-time="2025-01-11 08:26:13Z" duration="0.000131" asserts="1" />
              </test-suite>
              <test-suite type="ParameterizedMethod" id="0-1035" name="TestReadString" fullname="PureCloudPlatform.Client.V2.Tests.UpgradeSdkEnumConverterTests.TestReadString" classname="PureCloudPlatform.Client.V2.Tests.UpgradeSdkEnumConverterTests" runstate="Runnable" testcasecount="7" result="Passed" start-time="2025-01-11 08:26:13Z" end-time="2025-01-11 08:26:13Z" duration="0.001548" total="7" passed="7" failed="0" warnings="0" inconclusive="0" skipped="0" asserts="7">
                <test-case id="0-1028" name="TestReadString(&quot;alerting&quot;)" fullname="PureCloudPlatform.Client.V2.Tests.UpgradeSdkEnumConverterTests.TestReadString(&quot;alerting&quot;)" methodname="TestReadString" classname="PureCloudPlatform.Client.V2.Tests.UpgradeSdkEnumConverterTests" runstate="Runnable" seed="1359125332" result="Passed" start-time="2025-01-11 08:26:13Z" end-time="2025-01-11 08:26:13Z" duration="0.000417" asserts="1" />
                <test-case id="0-1029" name="TestReadString(&quot;AlErTiNg&quot;)" fullname="PureCloudPlatform.Client.V2.Tests.UpgradeSdkEnumConverterTests.TestReadString(&quot;AlErTiNg&quot;)" methodname="TestReadString" classname="PureCloudPlatform.Client.V2.Tests.UpgradeSdkEnumConverterTests" runstate="Runnable" seed="1133278807" result="Passed" start-time="2025-01-11 08:26:13Z" end-time="2025-01-11 08:26:13Z" duration="0.000140" asserts="1" />
                <test-case id="0-1030" name="TestReadString(&quot;delivery-success&quot;)" fullname="PureCloudPlatform.Client.V2.Tests.UpgradeSdkEnumConverterTests.TestReadString(&quot;delivery-success&quot;)" methodname="TestReadString" classname="PureCloudPlatform.Client.V2.Tests.UpgradeSdkEnumConverterTests" runstate="Runnable" seed="1653978271" result="Passed" start-time="2025-01-11 08:26:13Z" end-time="2025-01-11 08:26:13Z" duration="0.000158" asserts="1" />
                <test-case id="0-1031" name="TestReadString(&quot;Deliverysuccess&quot;)" fullname="PureCloudPlatform.Client.V2.Tests.UpgradeSdkEnumConverterTests.TestReadString(&quot;Deliverysuccess&quot;)" methodname="TestReadString" classname="PureCloudPlatform.Client.V2.Tests.UpgradeSdkEnumConverterTests" runstate="Runnable" seed="899308389" result="Passed" start-time="2025-01-11 08:26:13Z" end-time="2025-01-11 08:26:13Z" duration="0.000181" asserts="1" />
                <test-case id="0-1032" name="TestReadString(&quot;OUTDATED_SDK_VERSION&quot;)" fullname="PureCloudPlatform.Client.V2.Tests.UpgradeSdkEnumConverterTests.TestReadString(&quot;OUTDATED_SDK_VERSION&quot;)" methodname="TestReadString" classname="PureCloudPlatform.Client.V2.Tests.UpgradeSdkEnumConverterTests" runstate="Runnable" seed="96964618" result="Passed" start-time="2025-01-11 08:26:13Z" end-time="2025-01-11 08:26:13Z" duration="0.000160" asserts="1" />
                <test-case id="0-1033" name="TestReadString(&quot;foo&quot;)" fullname="PureCloudPlatform.Client.V2.Tests.UpgradeSdkEnumConverterTests.TestReadString(&quot;foo&quot;)" methodname="TestReadString" classname="PureCloudPlatform.Client.V2.Tests.UpgradeSdkEnumConverterTests" runstate="Runnable" seed="1129394311" result="Passed" start-time="2025-01-11 08:26:13Z" end-time="2025-01-11 08:26:13Z" duration="0.000164" asserts="1" />
                <test-case id="0-1034" name="TestReadString(&quot;&quot;)" fullname="PureCloudPlatform.Client.V2.Tests.UpgradeSdkEnumConverterTests.TestReadString(&quot;&quot;)" methodname="TestReadString" classname="PureCloudPlatform.Client.V2.Tests.UpgradeSdkEnumConverterTests" runstate="Runnable" seed="1105876568" result="Passed" start-time="2025-01-11 08:26:13Z" end-time="2025-01-11 08:26:13Z" duration="0.000143" asserts="1" />
              </test-suite>
              <test-suite type="ParameterizedMethod" id="0-1039" name="TestReadStringNullable" fullname="PureCloudPlatform.Client.V2.Tests.UpgradeSdkEnumConverterTests.TestReadStringNullable" classname="PureCloudPlatform.Client.V2.Tests.UpgradeSdkEnumConverterTests" runstate="Runnable" testcasecount="3" result="Passed" start-time="2025-01-11 08:26:13Z" end-time="2025-01-11 08:26:13Z" duration="0.001471" total="3" passed="3" failed="0" warnings="0" inconclusive="0" skipped="0" asserts="3">
                <test-case id="0-1036" name="TestReadStringNullable(&quot;alerting&quot;)" fullname="PureCloudPlatform.Client.V2.Tests.UpgradeSdkEnumConverterTests.TestReadStringNullable(&quot;alerting&quot;)" methodname="TestReadStringNullable" classname="PureCloudPlatform.Client.V2.Tests.UpgradeSdkEnumConverterTests" runstate="Runnable" seed="1903485382" result="Passed" start-time="2025-01-11 08:26:13Z" end-time="2025-01-11 08:26:13Z" duration="0.001060" asserts="1" />
                <test-case id="0-1037" name="TestReadStringNullable(&quot;&quot;)" fullname="PureCloudPlatform.Client.V2.Tests.UpgradeSdkEnumConverterTests.TestReadStringNullable(&quot;&quot;)" methodname="TestReadStringNullable" classname="PureCloudPlatform.Client.V2.Tests.UpgradeSdkEnumConverterTests" runstate="Runnable" seed="190614684" result="Passed" start-time="2025-01-11 08:26:13Z" end-time="2025-01-11 08:26:13Z" duration="0.000150" asserts="1" />
                <test-case id="0-1038" name="TestReadStringNullable(null)" fullname="PureCloudPlatform.Client.V2.Tests.UpgradeSdkEnumConverterTests.TestReadStringNullable(null)" methodname="TestReadStringNullable" classname="PureCloudPlatform.Client.V2.Tests.UpgradeSdkEnumConverterTests" runstate="Runnable" seed="2050382741" result="Passed" start-time="2025-01-11 08:26:13Z" end-time="2025-01-11 08:26:13Z" duration="0.000168" asserts="1" />
              </test-suite>
              <test-suite type="ParameterizedMethod" id="0-1043" name="TestWrite" fullname="PureCloudPlatform.Client.V2.Tests.UpgradeSdkEnumConverterTests.TestWrite" classname="PureCloudPlatform.Client.V2.Tests.UpgradeSdkEnumConverterTests" runstate="Runnable" testcasecount="3" result="Passed" start-time="2025-01-11 08:26:13Z" end-time="2025-01-11 08:26:13Z" duration="0.001273" total="3" passed="3" failed="0" warnings="0" inconclusive="0" skipped="0" asserts="3">
                <test-case id="0-1040" name="TestWrite(Deliverysuccess)" fullname="PureCloudPlatform.Client.V2.Tests.UpgradeSdkEnumConverterTests.TestWrite(Deliverysuccess)" methodname="TestWrite" classname="PureCloudPlatform.Client.V2.Tests.UpgradeSdkEnumConverterTests" runstate="Runnable" seed="1784300964" result="Passed" start-time="2025-01-11 08:26:13Z" end-time="2025-01-11 08:26:13Z" duration="0.000984" asserts="1" />
                <test-case id="0-1041" name="TestWrite(OutdatedSdkVersion)" fullname="PureCloudPlatform.Client.V2.Tests.UpgradeSdkEnumConverterTests.TestWrite(OutdatedSdkVersion)" methodname="TestWrite" classname="PureCloudPlatform.Client.V2.Tests.UpgradeSdkEnumConverterTests" runstate="Runnable" seed="210338348" result="Passed" start-time="2025-01-11 08:26:13Z" end-time="2025-01-11 08:26:13Z" duration="0.000104" asserts="1" />
                <test-case id="0-1042" name="TestWrite(256)" fullname="PureCloudPlatform.Client.V2.Tests.UpgradeSdkEnumConverterTests.TestWrite(256)" methodname="TestWrite" classname="PureCloudPlatform.Client.V2.Tests.UpgradeSdkEnumConverterTests" runstate="Runnable" seed="1266008022" result="Passed" start-time="2025-01-11 08:26:13Z" end-time="2025-01-11 08:26:13Z" duration="0.000091" asserts="1" />
              </test-suite>
              <test-suite type="ParameterizedMethod" id="0-1047" name="TestWriteNullable" fullname="PureCloudPlatform.Client.V2.Tests.UpgradeSdkEnumConverterTests.TestWriteNullable" classname="PureCloudPlatform.Client.V2.Tests.UpgradeSdkEnumConverterTests" runstate="Runnable" testcasecount="3" result="Passed" start-time="2025-01-11 08:26:13Z" end-time="2025-01-11 08:26:13Z" duration="0.001028" total="3" passed="3" failed="0" warnings="0" inconclusive="0" skipped="0" asserts="3">
                <test-case id="0-1044" name="TestWriteNullable(Deliverysuccess)" fullname="PureCloudPlatform.Client.V2.Tests.UpgradeSdkEnumConverterTests.TestWriteNullable(Deliverysuccess)" methodname="TestWriteNullable" classname="PureCloudPlatform.Client.V2.Tests.UpgradeSdkEnumConverterTests" runstate="Runnable" seed="1879178824" result="Passed" start-time="2025-01-11 08:26:13Z" end-time="2025-01-11 08:26:13Z" duration="0.000352" asserts="1" />
                <test-case id="0-1045" name="TestWriteNullable(OutdatedSdkVersion)" fullname="PureCloudPlatform.Client.V2.Tests.UpgradeSdkEnumConverterTests.TestWriteNullable(OutdatedSdkVersion)" methodname="TestWriteNullable" classname="PureCloudPlatform.Client.V2.Tests.UpgradeSdkEnumConverterTests" runstate="Runnable" seed="486720058" result="Passed" start-time="2025-01-11 08:26:13Z" end-time="2025-01-11 08:26:13Z" duration="0.000102" asserts="1" />
                <test-case id="0-1046" name="TestWriteNullable(null)" fullname="PureCloudPlatform.Client.V2.Tests.UpgradeSdkEnumConverterTests.TestWriteNullable(null)" methodname="TestWriteNullable" classname="PureCloudPlatform.Client.V2.Tests.UpgradeSdkEnumConverterTests" runstate="Runnable" seed="52986513" result="Passed" start-time="2025-01-11 08:26:13Z" end-time="2025-01-11 08:26:13Z" duration="0.000154" asserts="1" />
              </test-suite>
            </test-suite>
          </test-suite>
        </test-suite>
      </test-suite>
    </test-suite>
  </test-suite>
</test-run>